<?xml version="1.0" encoding="UTF-8"?>
<testng-results skipped="0" failed="0" ignored="0" total="1" passed="1">
  <reporter-output>
  </reporter-output>
  <suite name="Default suite" duration-ms="39081" started-at="2021-04-13T01:08:06 IST" finished-at="2021-04-13T01:08:45 IST">
    <groups>
    </groups>
    <test name="Default test" duration-ms="39081" started-at="2021-04-13T01:08:06 IST" finished-at="2021-04-13T01:08:45 IST">
      <class name="incubyte.testcases.TC003">
        <test-method status="PASS" signature="setupBrowser()[pri:0, instance:incubyte.testcases.TC003@548ad73b]" name="setupBrowser" is-config="true" duration-ms="3835" started-at="2021-04-13T01:08:06 IST" finished-at="2021-04-13T01:08:09 IST">
          <reporter-output>
          </reporter-output>
        </test-method> <!-- setupBrowser -->
        <test-method status="PASS" signature="tc003()[pri:0, instance:incubyte.testcases.TC003@548ad73b]" name="tc003" duration-ms="31980" started-at="2021-04-13T01:08:09 IST" finished-at="2021-04-13T01:08:41 IST">
          <reporter-output>
          </reporter-output>
        </test-method> <!-- tc003 -->
        <test-method status="PASS" signature="tearDown()[pri:0, instance:incubyte.testcases.TC003@548ad73b]" name="tearDown" is-config="true" duration-ms="3234" started-at="2021-04-13T01:08:41 IST" finished-at="2021-04-13T01:08:45 IST">
          <reporter-output>
          </reporter-output>
        </test-method> <!-- tearDown -->
      </class> <!-- incubyte.testcases.TC003 -->
    </test> <!-- Default test -->
  </suite> <!-- Default suite -->
</testng-results>
