<?xml version="1.0" encoding="UTF-8"?>
<testng-results skipped="0" failed="0" ignored="0" total="1" passed="1">
  <reporter-output>
  </reporter-output>
  <suite name="Default suite" duration-ms="34124" started-at="2021-04-12T01:03:54 IST" finished-at="2021-04-12T01:04:28 IST">
    <groups>
    </groups>
    <test name="Default test" duration-ms="34124" started-at="2021-04-12T01:03:54 IST" finished-at="2021-04-12T01:04:28 IST">
      <class name="incubyte.testcases.TC003">
        <test-method status="PASS" signature="setupBrowser()[pri:0, instance:incubyte.testcases.TC003@7276c8cd]" name="setupBrowser" is-config="true" duration-ms="3554" started-at="2021-04-12T01:03:54 IST" finished-at="2021-04-12T01:03:58 IST">
          <reporter-output>
          </reporter-output>
        </test-method> <!-- setupBrowser -->
        <test-method status="PASS" signature="tc003()[pri:0, instance:incubyte.testcases.TC003@7276c8cd]" name="tc003" duration-ms="27332" started-at="2021-04-12T01:03:58 IST" finished-at="2021-04-12T01:04:25 IST">
          <reporter-output>
          </reporter-output>
        </test-method> <!-- tc003 -->
        <test-method status="PASS" signature="tearDown()[pri:0, instance:incubyte.testcases.TC003@7276c8cd]" name="tearDown" is-config="true" duration-ms="3200" started-at="2021-04-12T01:04:25 IST" finished-at="2021-04-12T01:04:28 IST">
          <reporter-output>
          </reporter-output>
        </test-method> <!-- tearDown -->
      </class> <!-- incubyte.testcases.TC003 -->
    </test> <!-- Default test -->
  </suite> <!-- Default suite -->
</testng-results>
